{"/Users/marlene/Laboratoria/card-validation/CDMX013-card-validation/src/validator.js": {"path":"/Users/marlene/Laboratoria/card-validation/CDMX013-card-validation/src/validator.js","statementMap":{"0":{"start":{"line":1,"column":18},"end":{"line":60,"column":1}},"1":{"start":{"line":4,"column":20},"end":{"line":4,"column":22}},"2":{"start":{"line":5,"column":19},"end":{"line":5,"column":21}},"3":{"start":{"line":6,"column":19},"end":{"line":6,"column":21}},"4":{"start":{"line":7,"column":24},"end":{"line":7,"column":26}},"5":{"start":{"line":8,"column":22},"end":{"line":8,"column":24}},"6":{"start":{"line":11,"column":6},"end":{"line":11,"column":55}},"7":{"start":{"line":14,"column":6},"end":{"line":28,"column":7}},"8":{"start":{"line":14,"column":19},"end":{"line":14,"column":20}},"9":{"start":{"line":16,"column":19},"end":{"line":16,"column":43}},"10":{"start":{"line":18,"column":8},"end":{"line":25,"column":9}},"11":{"start":{"line":19,"column":20},"end":{"line":19,"column":45}},"12":{"start":{"line":20,"column":10},"end":{"line":20,"column":59}},"13":{"start":{"line":23,"column":10},"end":{"line":23,"column":48}},"14":{"start":{"line":26,"column":8},"end":{"line":26,"column":44}},"15":{"start":{"line":30,"column":6},"end":{"line":33,"column":7}},"16":{"start":{"line":30,"column":19},"end":{"line":30,"column":20}},"17":{"start":{"line":31,"column":8},"end":{"line":31,"column":45}},"18":{"start":{"line":35,"column":25},"end":{"line":35,"column":54}},"19":{"start":{"line":38,"column":26},"end":{"line":40,"column":8}},"20":{"start":{"line":39,"column":8},"end":{"line":39,"column":21}},"21":{"start":{"line":42,"column":6},"end":{"line":46,"column":7}},"22":{"start":{"line":43,"column":8},"end":{"line":43,"column":20}},"23":{"start":{"line":45,"column":8},"end":{"line":45,"column":21}},"24":{"start":{"line":52,"column":21},"end":{"line":52,"column":68}},"25":{"start":{"line":53,"column":22},"end":{"line":53,"column":73}},"26":{"start":{"line":54,"column":23},"end":{"line":54,"column":53}},"27":{"start":{"line":55,"column":4},"end":{"line":55,"column":23}}},"fnMap":{"0":{"name":"(anonymous_0)","decl":{"start":{"line":3,"column":11},"end":{"line":3,"column":12}},"loc":{"start":{"line":3,"column":39},"end":{"line":47,"column":3}},"line":3},"1":{"name":"(anonymous_1)","decl":{"start":{"line":38,"column":44},"end":{"line":38,"column":45}},"loc":{"start":{"line":38,"column":60},"end":{"line":40,"column":7}},"line":38},"2":{"name":"(anonymous_2)","decl":{"start":{"line":50,"column":11},"end":{"line":50,"column":12}},"loc":{"start":{"line":50,"column":39},"end":{"line":56,"column":3}},"line":50}},"branchMap":{"0":{"loc":{"start":{"line":18,"column":8},"end":{"line":25,"column":9}},"type":"if","locations":[{"start":{"line":18,"column":8},"end":{"line":25,"column":9}},{"start":{"line":22,"column":15},"end":{"line":25,"column":9}}],"line":18},"1":{"loc":{"start":{"line":42,"column":6},"end":{"line":46,"column":7}},"type":"if","locations":[{"start":{"line":42,"column":6},"end":{"line":46,"column":7}},{"start":{"line":44,"column":13},"end":{"line":46,"column":7}}],"line":42}},"s":{"0":1,"1":3,"2":3,"3":3,"4":3,"5":3,"6":3,"7":3,"8":3,"9":16,"10":16,"11":8,"12":8,"13":8,"14":16,"15":3,"16":3,"17":18,"18":3,"19":3,"20":31,"21":3,"22":2,"23":1,"24":3,"25":3,"26":3,"27":3},"f":{"0":3,"1":31,"2":3},"b":{"0":[8,8],"1":[2,1]},"_coverageSchema":"1a1c01bbd47fc00a2c39e90264f33305004495a9","hash":"cf3deb3f2529f217ef57724e6b707af570c73436"}
}
